DoEdit  114  51 
DoEdit  123  44 
DoEdit  103  49 
EvoApproachHistGen 10
EvoApproachHistGen 11
EvoApproachHistGen 12
EvoApproachHistGen 13
EvoApproachHistGen 14
EvoApproachHistGen 15
EvoApproachHistGen 16
EvoApproachHistGen 17
EvoApproachHistGen 18
EvoApproachHistGen 19
EvoApproachHistGen 20
EvoApproachHistGen 21
EvoApproachHistGen 22
EvoApproachHistGen 23
EvoApproachHistGen 24
EvoApproachHistGen 25
EvoApproachHistGen 26
EvoApproachHistGen 27
EvoApproachHistGen 28
EvoApproachHistGen 29
EvoApproachHistGen 30
EvoApproachHistGen 31
EvoApproachHistGen 32
EvoApproachHistGen 33
EvoApproachHistGen 34
EvoApproachHistGen 35
EvoApproachHistGen 36
EvoApproachHistGen 37
EvoApproachHistGen 38
EvoApproachHistGen 39
EvoApproachHistGen 40
EvoApproachHistGen 41
EvoApproachHistGen 42
EvoApproachHistGen 43
EvoApproachHistGen 44
EvoApproachHistGen 45
EvoApproachHistGen 46
EvoApproachHistGen 47
EvoApproachHistGen 48
EvoApproachHistGen 49
EvoApproachHistGen 50
EvoApproachHistGen 51
EvoApproachHistGen 52
EvoApproachHistGen 53
EvoApproachHistGen 54
EvoApproachHistGen 55
EvoApproachHistGen 56
EvoApproachHistGen 57
EvoApproachHistGen 58
EvoApproachHistGen 59
EvoApproachHistGen 60
EvoApproachHistGen 61
EvoApproachHistGen 62
EvoApproachHistGen 63
EvoApproachHistGen 64
EvoApproachHistGen 65
EvoApproachHistGen 66
EvoApproachHistGen 67
EvoApproachHistGen 68
EvoApproachHistGen 69
EvoApproachHistGen 70
EvoApproachHistGen 71
EvoApproachHistGen 72
EvoApproachHistGen 73
EvoApproachHistGen 74
EvoApproachHistGen 75
EvoApproachHistGen 76
EvoApproachHistGen 77
EvoApproachHistGen 78
EvoApproachHistGen 79
EvoApproachHistGen 80
EvoApproachHistGen 81
EvoApproachHistGen 82
EvoApproachHistGen 83
EvoApproachHistGen 84
EvoApproachHistGen 85
EvoApproachHistGen 86
EvoApproachHistGen 87
EvoApproachHistGen 88
EvoApproachHistGen 89
EvoApproachHistGen 90
EvoApproachHistGen 91
EvoApproachHistGen 92
EvoApproachHistGen 93
EvoApproachHistGen 94
EvoApproachHistGen 95
EvoApproachHistGen 96
EvoApproachHistGen 97
EvoApproachHistGen 98
EvoApproachHistGen 99
EvoApproachHistGen 100
EvoApproachHistGen 101
EvoApproachHistGen 102
EvoApproachHistGen 103
EvoApproachHistGen 104
EvoApproachHistGen 105
EvoApproachHistGen 106
EvoApproachHistGen 107
EvoApproachHistGen 108
