OpenTraceFile  "main_trace.out"
PostRefresh
PostRefresh
PostRefresh
PostRefresh
PostRefresh
PostRefresh
PostRefresh
PostRefresh
PostRefresh
PostRefresh
PostRefresh
PostRefresh
PostRefresh
PostRefresh
PostSetBrushSize 17
PostSetBrushSize 3
PostSetBrushSize 1
PostSetBrushSize 1
PostRefresh
PostRefresh
PostRefresh
PostRefresh
PostSetBrushIntensity 61
PostSetBrushIntensity 70
PostSetBrushIntensity 89
PostSetBrushIntensity 100
PostSetBrushIntensity 100
PostRefresh
PostRefresh
PostRefresh
PostRefresh
PostRefresh
PostRefresh
PostRefresh
PostRefresh
PostRefresh
PostRefresh
PostRefresh
PostRefresh
PostRefresh
PostRefresh
PostRefresh
PostSetBrushMode tBrushMode::tit4tat
PostRefresh
PostRefresh
PostRefresh
PostRefresh
PostRefresh
PostRefresh
PostRefresh
PostRefresh
PostRefresh
PostRefresh
PostDoEdit    0   0 
PostRefresh
PostRefresh
PostRefresh
PostRefresh
PostRefresh
PostRefresh
PostRefresh
PostRefresh
PostRefresh
PostRefresh
PostRefresh
PostRefresh
PostRefresh
PostRefresh
PostRefresh
PostRefresh
PostRefresh
PostRefresh
PostRefresh
PostRefresh
PostRefresh
PostRefresh
PostRefresh
PostRefresh
PostRefresh
PostRefresh
PostRefresh
PostRefresh
PostRefresh
PostRefresh
PostRefresh
PostRefresh
PostRefresh
PostRefresh
PostRefresh
PostRefresh
PostRefresh
PostRefresh
PostRefresh
PostRefresh
PostRefresh
PostRefresh
PostRefresh
PostRefresh
PostRefresh
PostRefresh
PostRefresh
PostRefresh
PostRefresh
PostRefresh
PostRefresh
PostRefresh
PostRefresh
PostRefresh
PostRefresh
PostRefresh
PostRefresh
PostRefresh
PostRefresh
PostRefresh
PostRefresh
PostRefresh
PostRefresh
PostRefresh
PostRefresh
PostRefresh
PostRefresh
PostRefresh
PostRefresh
PostRefresh
PostRefresh
PostRefresh
PostRefresh
PostRefresh
PostRefresh
PostRefresh
PostRefresh
PostRefresh
PostRefresh
PostRefresh
PostRefresh
PostRefresh
PostRefresh
PostRefresh
PostRefresh
PostRefresh
PostRefresh
PostRefresh
PostRefresh
PostRefresh
PostRefresh
PostRefresh
PostRefresh
PostRefresh
PostRefresh
PostRefresh
PostRefresh
PostRefresh
PostRefresh
PostRefresh
PostRefresh
PostRefresh
PostRefresh
PostRefresh
PostRefresh
PostRefresh
PostRefresh
PostRefresh
PostRefresh
PostRefresh
PostRefresh
